{"ts": "2026-06-06T17:17:40Z", "user": "test_user", "action": "login", "resource": "session", "details": "role=admin"}
{"ts": "2026-06-06T17:22:38Z", "user": "viewer", "action": "login", "resource": "session", "details": "role=viewer"}
{"ts": "2026-06-06T17:22:59Z", "user": "viewer", "action": "logout", "resource": "session", "details": "User logged out"}
{"ts": "2026-06-06T17:23:14Z", "user": "analyst", "action": "login", "resource": "session", "details": "role=analyst"}
{"ts": "2026-06-06T17:26:45Z", "user": "admin", "action": "login", "resource": "session", "details": "role=admin"}
{"ts": "2026-06-06T18:01:31Z", "user": "admin", "action": "login_failed", "resource": "session", "details": "bad credentials"}
{"ts": "2026-06-06T18:01:36Z", "user": "admin", "action": "login", "resource": "session", "details": "role=admin"}
{"ts": "2026-06-07T04:21:17Z", "user": "admin", "action": "login", "resource": "session", "details": "role=admin"}
{"ts": "2026-06-07T04:45:01Z", "user": "admin", "action": "login", "resource": "session", "details": "role=admin"}
{"ts": "2026-06-07T04:49:42Z", "user": "admin", "action": "login", "resource": "session", "details": "role=admin"}
{"ts": "2026-06-07T05:01:20Z", "user": "admin", "action": "login", "resource": "session", "details": "role=admin"}
{"ts": "2026-06-07T05:01:59Z", "user": "admin", "action": "login", "resource": "session", "details": "role=admin"}
{"ts": "2026-06-07T06:07:51Z", "user": "admin", "action": "login", "resource": "session", "details": "role=admin"}
{"ts": "2026-06-07T06:42:42Z", "user": "admin", "action": "login", "resource": "session", "details": "role=admin"}
{"ts": "2026-06-07T06:45:34Z", "user": "admin", "action": "login", "resource": "session", "details": "role=admin"}
{"ts": "2026-06-07T06:52:41Z", "user": "admin", "action": "login_failed", "resource": "session", "details": "bad credentials"}
{"ts": "2026-06-07T06:52:49Z", "user": "admin", "action": "login", "resource": "session", "details": "role=admin"}
{"ts": "2026-06-07T07:03:20Z", "user": "admin", "action": "login", "resource": "session", "details": "role=admin"}
{"ts": "2026-06-07T07:06:51Z", "user": "admin", "action": "login_failed", "resource": "session", "details": "bad credentials"}
{"ts": "2026-06-07T07:06:57Z", "user": "admin", "action": "login", "resource": "session", "details": "role=admin"}
{"ts": "2026-06-07T07:26:56Z", "user": "retailpulse.admin", "action": "login", "resource": "session", "details": "role=admin"}
{"ts": "2026-06-07T07:28:39Z", "user": "retailpulse.admin", "action": "login", "resource": "session", "details": "role=admin"}
